mode: set
github.com/itsmurugappan/knative-eventing-sources/pkg/sources/eventsource.go:11.51,15.2 3 0
github.com/itsmurugappan/knative-eventing-sources/pkg/sources/s3source.go:68.45,70.18 2 1
github.com/itsmurugappan/knative-eventing-sources/pkg/sources/s3source.go:70.18,73.17 3 0
github.com/itsmurugappan/knative-eventing-sources/pkg/sources/s3source.go:76.3,76.27 1 0
github.com/itsmurugappan/knative-eventing-sources/pkg/sources/s3source.go:73.17,75.4 1 0
github.com/itsmurugappan/knative-eventing-sources/pkg/sources/s3source.go:80.41,87.24 6 1
github.com/itsmurugappan/knative-eventing-sources/pkg/sources/s3source.go:93.2,93.14 1 1
github.com/itsmurugappan/knative-eventing-sources/pkg/sources/s3source.go:87.24,88.44 1 0
github.com/itsmurugappan/knative-eventing-sources/pkg/sources/s3source.go:88.44,90.4 1 0
github.com/itsmurugappan/knative-eventing-sources/pkg/sources/s3source.go:96.76,98.2 1 0
github.com/itsmurugappan/knative-eventing-sources/pkg/sources/s3source.go:100.49,102.2 1 1
github.com/itsmurugappan/knative-eventing-sources/pkg/sources/s3source.go:104.54,106.16 2 0
github.com/itsmurugappan/knative-eventing-sources/pkg/sources/s3source.go:110.2,111.16 2 0
github.com/itsmurugappan/knative-eventing-sources/pkg/sources/s3source.go:115.2,115.30 1 0
github.com/itsmurugappan/knative-eventing-sources/pkg/sources/s3source.go:106.16,108.3 1 0
github.com/itsmurugappan/knative-eventing-sources/pkg/sources/s3source.go:111.16,113.3 1 0
github.com/itsmurugappan/knative-eventing-sources/pkg/sources/s3source.go:118.34,123.2 4 0
github.com/itsmurugappan/knative-eventing-sources/pkg/sources/s3source.go:125.43,134.2 2 1
github.com/itsmurugappan/knative-eventing-sources/pkg/sources/s3source.go:136.40,147.2 6 1
github.com/itsmurugappan/knative-eventing-sources/pkg/sources/s3source.go:149.54,157.37 6 1
github.com/itsmurugappan/knative-eventing-sources/pkg/sources/s3source.go:180.2,181.57 2 1
github.com/itsmurugappan/knative-eventing-sources/pkg/sources/s3source.go:157.37,164.17 3 1
github.com/itsmurugappan/knative-eventing-sources/pkg/sources/s3source.go:170.3,177.39 6 1
github.com/itsmurugappan/knative-eventing-sources/pkg/sources/s3source.go:164.17,167.9 3 0
github.com/itsmurugappan/knative-eventing-sources/pkg/sources/s3source.go:184.61,185.6 1 1
github.com/itsmurugappan/knative-eventing-sources/pkg/sources/s3source.go:185.6,187.17 2 1
github.com/itsmurugappan/knative-eventing-sources/pkg/sources/s3source.go:196.3,196.26 1 1
github.com/itsmurugappan/knative-eventing-sources/pkg/sources/s3source.go:203.3,203.44 1 1
github.com/itsmurugappan/knative-eventing-sources/pkg/sources/s3source.go:187.17,188.21 1 1
github.com/itsmurugappan/knative-eventing-sources/pkg/sources/s3source.go:188.21,190.10 2 1
github.com/itsmurugappan/knative-eventing-sources/pkg/sources/s3source.go:191.10,194.5 2 0
github.com/itsmurugappan/knative-eventing-sources/pkg/sources/s3source.go:196.26,200.4 3 1
github.com/itsmurugappan/knative-eventing-sources/pkg/sources/s3source.go:200.9,202.4 1 1
github.com/itsmurugappan/knative-eventing-sources/pkg/sources/s3source.go:203.44,205.4 1 1
github.com/itsmurugappan/knative-eventing-sources/pkg/sources/s3source.go:209.38,211.86 2 1
github.com/itsmurugappan/knative-eventing-sources/pkg/sources/s3source.go:214.2,214.86 1 1
github.com/itsmurugappan/knative-eventing-sources/pkg/sources/s3source.go:220.2,221.39 2 1
github.com/itsmurugappan/knative-eventing-sources/pkg/sources/s3source.go:211.86,212.13 1 0
github.com/itsmurugappan/knative-eventing-sources/pkg/sources/s3source.go:214.86,218.3 3 0
github.com/itsmurugappan/knative-eventing-sources/pkg/sources/s3source.go:224.33,226.25 1 1
github.com/itsmurugappan/knative-eventing-sources/pkg/sources/s3source.go:230.2,231.21 2 1
github.com/itsmurugappan/knative-eventing-sources/pkg/sources/s3source.go:226.25,228.3 1 1
